<?xml version="1.0" encoding="UTF-8"?>
<!-- Generated by org.testng.reporters.JUnitReportReporter -->
<testsuite hostname="DeepakComputer" failures="0" tests="1" name="qa.tests.Testcase1" time="12.173" errors="0" timestamp="2024-08-14T16:09:50 IST" skipped="0">
  <testcase classname="qa.tests.Testcase1" name="sampleMethodForEnteringCredentials" time="12.173"/>
  <system-out/>
</testsuite> <!-- qa.tests.Testcase1 -->
